[01m[K/home/landau/Documents/GitHub/space_robot/src/space_driver/src/demo.cpp:[m[K In function â€˜[01m[Kint main(int, char**)[m[Kâ€™:
[01m[K/home/landau/Documents/GitHub/space_robot/src/space_driver/src/demo.cpp:92:5:[m[K [01;31m[Kerror: [m[Kâ€˜[01m[Kkinematics_[m[Kâ€™ was not declared in this scope
   92 |     [01;31m[Kkinematics_[m[K.CartToJnt(q_init,pose,q_target);
      |     [01;31m[K^~~~~~~~~~~[m[K
make[2]: *** wait: No child processes.  Stop.
make[2]: *** Waiting for unfinished jobs....
make[2]: *** wait: No child processes.  Stop.
make[1]: *** [CMakeFiles/Makefile2:156: CMakeFiles/demo.dir/all] Error 2
make: *** [Makefile:141: all] Interrupt
