[0.046s] Invoking command in '/home/landau/Documents/GitHub/space_robot/build/space_driver': CMAKE_PREFIX_PATH=/home/landau/Documents/GitHub/space_robot/install/space_interfaces:/home/landau/Documents/GitHub/space_robot/install/space_driver:/opt/ros/foxy /usr/bin/cmake --build /home/landau/Documents/GitHub/space_robot/build/space_driver -- -j8 -l8
[0.243s] [ 20%] Built target gflags_nothreads_static
[0.336s] [35m[1mScanning dependencies of target demo[0m
[0.343s] [ 35%] Built target gflags_unittest_main
[0.346s] [ 40%] Built target gflags_unittest-main
[0.350s] [ 55%] Built target gflags_declare_test
[0.357s] [ 65%] Built target gflags_strip_flags_test
[0.376s] [ 75%] Built target gflags_unittest
[0.470s] [ 90%] Built target main
[0.522s] [ 95%] [32mBuilding CXX object CMakeFiles/demo.dir/src/demo.cpp.o[0m
[17.331s] [01m[K/home/landau/Documents/GitHub/space_robot/src/space_driver/src/demo.cpp:[m[K In function â€˜[01m[Kint main(int, char**)[m[Kâ€™:
[17.331s] [01m[K/home/landau/Documents/GitHub/space_robot/src/space_driver/src/demo.cpp:92:5:[m[K [01;31m[Kerror: [m[Kâ€˜[01m[Kkinematics_[m[Kâ€™ was not declared in this scope
[17.331s]    92 |     [01;31m[Kkinematics_[m[K.CartToJnt(q_init,pose,q_target);
[17.331s]       |     [01;31m[K^~~~~~~~~~~[m[K
[30.293s] make[2]: *** wait: No child processes.  Stop.
[30.294s] make[2]: *** Waiting for unfinished jobs....
[30.295s] make[2]: *** wait: No child processes.  Stop.
[30.295s] make[1]: *** [CMakeFiles/Makefile2:156: CMakeFiles/demo.dir/all] Error 2
[30.295s] make: *** [Makefile:141: all] Interrupt
[30.598s] Invoked command in '/home/landau/Documents/GitHub/space_robot/build/space_driver' returned '-2': CMAKE_PREFIX_PATH=/home/landau/Documents/GitHub/space_robot/install/space_interfaces:/home/landau/Documents/GitHub/space_robot/install/space_driver:/opt/ros/foxy /usr/bin/cmake --build /home/landau/Documents/GitHub/space_robot/build/space_driver -- -j8 -l8
