[ 20%] Built target gflags_nothreads_static
[35m[1mScanning dependencies of target demo[0m
[ 30%] Built target gflags_strip_flags_test
[ 40%] Built target gflags_unittest
[ 50%] Built target gflags_unittest_main
[ 65%] Built target gflags_declare_test
[ 75%] Built target gflags_unittest-main
[ 90%] Built target main
[ 95%] [32mBuilding CXX object CMakeFiles/demo.dir/src/demo.cpp.o[0m
[01m[K/home/landau/Documents/GitHub/space_robot/src/space_driver/src/demo.cpp:[m[K In function â€˜[01m[Kint main(int, char**)[m[Kâ€™:
[01m[K/home/landau/Documents/GitHub/space_robot/src/space_driver/src/demo.cpp:94:5:[m[K [01;31m[Kerror: [m[Kâ€˜[01m[Kresult[m[Kâ€™ was not declared in this scope; did you mean â€˜[01m[Knlopt::result[m[Kâ€™?
   94 |     [01;31m[Kresult[m[K=(robot_ptr->kinematics_).CartToJnt(q_init,pose,q_target);
      |     [01;31m[K^~~~~~[m[K
      |     [32m[Knlopt::result[m[K
In file included from [01m[K/opt/rocos/app/include/trac_ik/nlopt_ik.hpp:35[m[K,
                 from [01m[K/opt/rocos/app/include/trac_ik/trac_ik.hpp:39[m[K,
                 from [01m[K/opt/rocos/app/include/rocos_app/kinematics.h:31[m[K,
                 from [01m[K/opt/rocos/app/include/rocos_app/robot.h:26[m[K,
                 from [01m[K/home/landau/Documents/GitHub/space_robot/src/space_driver/src/demo.cpp:10[m[K:
[01m[K/opt/rocos/app/include/nlopt.hpp:89:8:[m[K [01;36m[Knote: [m[Kâ€˜[01m[Knlopt::result[m[Kâ€™ declared here
   89 |   enum [01;36m[Kresult[m[K {
      |        [01;36m[K^~~~~~[m[K
make[2]: *** [CMakeFiles/demo.dir/build.make:63: CMakeFiles/demo.dir/src/demo.cpp.o] Error 1
make[1]: *** [CMakeFiles/Makefile2:156: CMakeFiles/demo.dir/all] Error 2
make: *** [Makefile:141: all] Error 2
