[0.047s] Invoking command in '/home/landau/Documents/GitHub/space_robot/build/space_driver': CMAKE_PREFIX_PATH=/home/landau/Documents/GitHub/space_robot/install/space_interfaces:/home/landau/Documents/GitHub/space_robot/install/space_driver:/opt/ros/foxy /usr/bin/cmake --build /home/landau/Documents/GitHub/space_robot/build/space_driver -- -j8 -l8
[0.215s] [ 20%] Built target gflags_nothreads_static
[0.288s] [35m[1mScanning dependencies of target demo[0m
[0.316s] [ 30%] Built target gflags_strip_flags_test
[0.333s] [ 40%] Built target gflags_unittest
[0.333s] [ 50%] Built target gflags_unittest_main
[0.334s] [ 65%] Built target gflags_declare_test
[0.334s] [ 75%] Built target gflags_unittest-main
[0.408s] [ 90%] Built target main
[0.449s] [ 95%] [32mBuilding CXX object CMakeFiles/demo.dir/src/demo.cpp.o[0m
[16.866s] [01m[K/home/landau/Documents/GitHub/space_robot/src/space_driver/src/demo.cpp:[m[K In function â€˜[01m[Kint main(int, char**)[m[Kâ€™:
[16.866s] [01m[K/home/landau/Documents/GitHub/space_robot/src/space_driver/src/demo.cpp:94:5:[m[K [01;31m[Kerror: [m[Kâ€˜[01m[Kresult[m[Kâ€™ was not declared in this scope; did you mean â€˜[01m[Knlopt::result[m[Kâ€™?
[16.866s]    94 |     [01;31m[Kresult[m[K=(robot_ptr->kinematics_).CartToJnt(q_init,pose,q_target);
[16.867s]       |     [01;31m[K^~~~~~[m[K
[16.867s]       |     [32m[Knlopt::result[m[K
[16.867s] In file included from [01m[K/opt/rocos/app/include/trac_ik/nlopt_ik.hpp:35[m[K,
[16.867s]                  from [01m[K/opt/rocos/app/include/trac_ik/trac_ik.hpp:39[m[K,
[16.867s]                  from [01m[K/opt/rocos/app/include/rocos_app/kinematics.h:31[m[K,
[16.868s]                  from [01m[K/opt/rocos/app/include/rocos_app/robot.h:26[m[K,
[16.868s]                  from [01m[K/home/landau/Documents/GitHub/space_robot/src/space_driver/src/demo.cpp:10[m[K:
[16.868s] [01m[K/opt/rocos/app/include/nlopt.hpp:89:8:[m[K [01;36m[Knote: [m[Kâ€˜[01m[Knlopt::result[m[Kâ€™ declared here
[16.868s]    89 |   enum [01;36m[Kresult[m[K {
[16.868s]       |        [01;36m[K^~~~~~[m[K
[31.014s] make[2]: *** [CMakeFiles/demo.dir/build.make:63: CMakeFiles/demo.dir/src/demo.cpp.o] Error 1
[31.015s] make[1]: *** [CMakeFiles/Makefile2:156: CMakeFiles/demo.dir/all] Error 2
[31.016s] make: *** [Makefile:141: all] Error 2
[31.022s] Invoked command in '/home/landau/Documents/GitHub/space_robot/build/space_driver' returned '2': CMAKE_PREFIX_PATH=/home/landau/Documents/GitHub/space_robot/install/space_interfaces:/home/landau/Documents/GitHub/space_robot/install/space_driver:/opt/ros/foxy /usr/bin/cmake --build /home/landau/Documents/GitHub/space_robot/build/space_driver -- -j8 -l8
