[01m[K/home/landau/Documents/GitHub/space_robot/src/space_driver/src/demo.cpp:[m[K In function â€˜[01m[Kint main(int, char**)[m[Kâ€™:
[01m[K/home/landau/Documents/GitHub/space_robot/src/space_driver/src/demo.cpp:92:12:[m[K [01;31m[Kerror: [m[Kâ€˜[01m[Kkinematics_[m[Kâ€™ is not a member of â€˜[01m[Krocos[m[Kâ€™; did you mean â€˜[01m[KKinematics[m[Kâ€™?
   92 |     rocos::[01;31m[Kkinematics_[m[K.CartToJnt(q_init,pose,q_target);
      |            [01;31m[K^~~~~~~~~~~[m[K
      |            [32m[KKinematics[m[K
make[2]: *** [CMakeFiles/demo.dir/build.make:63: CMakeFiles/demo.dir/src/demo.cpp.o] Error 1
make[1]: *** [CMakeFiles/Makefile2:156: CMakeFiles/demo.dir/all] Error 2
make: *** [Makefile:141: all] Error 2
