[0.045s] Invoking command in '/home/landau/Documents/GitHub/space_robot/build/space_driver': CMAKE_PREFIX_PATH=/home/landau/Documents/GitHub/space_robot/install/space_interfaces:/home/landau/Documents/GitHub/space_robot/install/space_driver:/opt/ros/foxy /usr/bin/cmake --build /home/landau/Documents/GitHub/space_robot/build/space_driver -- -j8 -l8
[0.221s] [ 20%] Built target gflags_nothreads_static
[0.288s] [35m[1mScanning dependencies of target demo[0m
[0.320s] [ 35%] Built target gflags_declare_test
[0.326s] [ 45%] Built target gflags_unittest-main
[0.339s] [ 55%] Built target gflags_unittest_main
[0.344s] [ 65%] Built target gflags_strip_flags_test
[0.345s] [ 75%] Built target gflags_unittest
[0.427s] [ 90%] Built target main
[0.444s] [ 95%] [32mBuilding CXX object CMakeFiles/demo.dir/src/demo.cpp.o[0m
[17.010s] [01m[K/home/landau/Documents/GitHub/space_robot/src/space_driver/src/demo.cpp:[m[K In function â€˜[01m[Kint main(int, char**)[m[Kâ€™:
[17.010s] [01m[K/home/landau/Documents/GitHub/space_robot/src/space_driver/src/demo.cpp:92:12:[m[K [01;31m[Kerror: [m[Kâ€˜[01m[Kkinematics_[m[Kâ€™ is not a member of â€˜[01m[Krocos[m[Kâ€™; did you mean â€˜[01m[KKinematics[m[Kâ€™?
[17.010s]    92 |     rocos::[01;31m[Kkinematics_[m[K.CartToJnt(q_init,pose,q_target);
[17.010s]       |            [01;31m[K^~~~~~~~~~~[m[K
[17.010s]       |            [32m[KKinematics[m[K
[31.818s] make[2]: *** [CMakeFiles/demo.dir/build.make:63: CMakeFiles/demo.dir/src/demo.cpp.o] Error 1
[31.819s] make[1]: *** [CMakeFiles/Makefile2:156: CMakeFiles/demo.dir/all] Error 2
[31.820s] make: *** [Makefile:141: all] Error 2
[31.835s] Invoked command in '/home/landau/Documents/GitHub/space_robot/build/space_driver' returned '2': CMAKE_PREFIX_PATH=/home/landau/Documents/GitHub/space_robot/install/space_interfaces:/home/landau/Documents/GitHub/space_robot/install/space_driver:/opt/ros/foxy /usr/bin/cmake --build /home/landau/Documents/GitHub/space_robot/build/space_driver -- -j8 -l8
