[01m[K/home/landau/Documents/GitHub/space_robot/src/space_driver/src/demo.cpp:[m[K In function â€˜[01m[Kint main(int, char**)[m[Kâ€™:
[01m[K/home/landau/Documents/GitHub/space_robot/src/space_driver/src/demo.cpp:91:39:[m[K [01;31m[Kerror: [m[Kâ€˜[01m[Kclass rocos::Kinematics[m[Kâ€™ has no member named â€˜[01m[KgetNrOfJoints[m[Kâ€™
   91 |     std::cout<<robot_ptr->kinematics_.[01;31m[KgetNrOfJoints[m[K()<< std::endl;
      |                                       [01;31m[K^~~~~~~~~~~~~[m[K
make[2]: *** [CMakeFiles/demo.dir/build.make:63: CMakeFiles/demo.dir/src/demo.cpp.o] Error 1
make[1]: *** [CMakeFiles/Makefile2:156: CMakeFiles/demo.dir/all] Error 2
make: *** [Makefile:141: all] Error 2
