[ 20%] Built target gflags_nothreads_static
[35m[1mScanning dependencies of target demo[0m
[ 30%] Built target gflags_unittest
[ 40%] Built target gflags_unittest-main
[ 50%] Built target gflags_strip_flags_test
[ 65%] Built target gflags_declare_test
[ 75%] Built target gflags_unittest_main
[ 90%] Built target main
[ 95%] [32mBuilding CXX object CMakeFiles/demo.dir/src/demo.cpp.o[0m
[01m[K/home/landau/Documents/GitHub/space_robot/src/space_driver/src/demo.cpp:[m[K In function â€˜[01m[Kint main(int, char**)[m[Kâ€™:
[01m[K/home/landau/Documents/GitHub/space_robot/src/space_driver/src/demo.cpp:91:39:[m[K [01;31m[Kerror: [m[Kâ€˜[01m[Kclass rocos::Kinematics[m[Kâ€™ has no member named â€˜[01m[KgetNrOfJoints[m[Kâ€™
   91 |     std::cout<<robot_ptr->kinematics_.[01;31m[KgetNrOfJoints[m[K()<< std::endl;
      |                                       [01;31m[K^~~~~~~~~~~~~[m[K
make[2]: *** [CMakeFiles/demo.dir/build.make:63: CMakeFiles/demo.dir/src/demo.cpp.o] Error 1
make[1]: *** [CMakeFiles/Makefile2:156: CMakeFiles/demo.dir/all] Error 2
make: *** [Makefile:141: all] Error 2
