[0.054s] Invoking command in '/home/landau/Documents/GitHub/space_robot/build/space_driver': CMAKE_PREFIX_PATH=/home/landau/Documents/GitHub/space_robot/install/space_interfaces:/home/landau/Documents/GitHub/space_robot/install/space_driver:/opt/ros/foxy /usr/bin/cmake --build /home/landau/Documents/GitHub/space_robot/build/space_driver -- -j8 -l8
[0.253s] [ 20%] Built target gflags_nothreads_static
[0.329s] [35m[1mScanning dependencies of target demo[0m
[0.383s] [ 30%] Built target gflags_unittest
[0.389s] [ 40%] Built target gflags_unittest-main
[0.397s] [ 50%] Built target gflags_strip_flags_test
[0.405s] [ 65%] Built target gflags_declare_test
[0.405s] [ 75%] Built target gflags_unittest_main
[0.495s] [ 90%] Built target main
[0.518s] [ 95%] [32mBuilding CXX object CMakeFiles/demo.dir/src/demo.cpp.o[0m
[17.989s] [01m[K/home/landau/Documents/GitHub/space_robot/src/space_driver/src/demo.cpp:[m[K In function â€˜[01m[Kint main(int, char**)[m[Kâ€™:
[17.989s] [01m[K/home/landau/Documents/GitHub/space_robot/src/space_driver/src/demo.cpp:91:39:[m[K [01;31m[Kerror: [m[Kâ€˜[01m[Kclass rocos::Kinematics[m[Kâ€™ has no member named â€˜[01m[KgetNrOfJoints[m[Kâ€™
[17.989s]    91 |     std::cout<<robot_ptr->kinematics_.[01;31m[KgetNrOfJoints[m[K()<< std::endl;
[17.989s]       |                                       [01;31m[K^~~~~~~~~~~~~[m[K
[36.390s] make[2]: *** [CMakeFiles/demo.dir/build.make:63: CMakeFiles/demo.dir/src/demo.cpp.o] Error 1
[36.392s] make[1]: *** [CMakeFiles/Makefile2:156: CMakeFiles/demo.dir/all] Error 2
[36.392s] make: *** [Makefile:141: all] Error 2
[36.400s] Invoked command in '/home/landau/Documents/GitHub/space_robot/build/space_driver' returned '2': CMAKE_PREFIX_PATH=/home/landau/Documents/GitHub/space_robot/install/space_interfaces:/home/landau/Documents/GitHub/space_robot/install/space_driver:/opt/ros/foxy /usr/bin/cmake --build /home/landau/Documents/GitHub/space_robot/build/space_driver -- -j8 -l8
