[0.000000] (-) TimerEvent: {}
[0.000957] (space_interfaces) JobQueued: {'identifier': 'space_interfaces', 'dependencies': OrderedDict()}
[0.001075] (space_driver) JobQueued: {'identifier': 'space_driver', 'dependencies': OrderedDict([('space_interfaces', '/home/landau/Documents/GitHub/space_robot/install/space_interfaces')])}
[0.001179] (space_interfaces) JobStarted: {'identifier': 'space_interfaces'}
[0.031529] (space_interfaces) JobProgress: {'identifier': 'space_interfaces', 'progress': 'cmake'}
[0.033735] (space_interfaces) JobProgress: {'identifier': 'space_interfaces', 'progress': 'build'}
[0.036174] (space_interfaces) Command: {'cmd': ['/usr/bin/cmake', '--build', '/home/landau/Documents/GitHub/space_robot/build/space_interfaces', '--', '-j8', '-l8'], 'cwd': '/home/landau/Documents/GitHub/space_robot/build/space_interfaces', 'env': OrderedDict([('GJS_DEBUG_TOPICS', 'JS ERROR;JS LOG'), ('LESSOPEN', '| /usr/bin/lesspipe %s'), ('USER', 'landau'), ('LC_TIME', 'zh_CN.UTF-8'), ('SSH_AGENT_PID', '1616'), ('XDG_SESSION_TYPE', 'x11'), ('GIT_ASKPASS', '/usr/share/code/resources/app/extensions/git/dist/askpass.sh'), ('SHLVL', '1'), ('LD_LIBRARY_PATH', '/home/landau/Documents/GitHub/space_robot/install/space_interfaces/lib:/opt/ros/foxy/opt/yaml_cpp_vendor/lib:/opt/ros/foxy/opt/rviz_ogre_vendor/lib:/opt/ros/foxy/lib/x86_64-linux-gnu:/opt/ros/foxy/lib'), ('QT4_IM_MODULE', 'fcitx'), ('HOME', '/home/landau'), ('CHROME_DESKTOP', 'code-url-handler.desktop'), ('OLDPWD', '/home/landau/Documents/GitHub/space_robot/build'), ('TERM_PROGRAM_VERSION', '1.89.1'), ('DESKTOP_SESSION', 'ubuntu'), ('GIO_LAUNCHED_DESKTOP_FILE', '/usr/share/applications/code.desktop'), ('ROS_PYTHON_VERSION', '3'), ('GNOME_SHELL_SESSION_MODE', 'ubuntu'), ('GTK_MODULES', 'gail:atk-bridge'), ('VSCODE_GIT_ASKPASS_MAIN', '/usr/share/code/resources/app/extensions/git/dist/askpass-main.js'), ('LC_MONETARY', 'zh_CN.UTF-8'), ('VSCODE_GIT_ASKPASS_NODE', '/usr/share/code/code'), ('MANAGERPID', '1519'), ('DBUS_SESSION_BUS_ADDRESS', 'unix:path=/run/user/1000/bus'), ('COLORTERM', 'truecolor'), ('GIO_LAUNCHED_DESKTOP_FILE_PID', '2209'), ('IM_CONFIG_PHASE', '1'), ('COLCON_PREFIX_PATH', '/home/landau/Documents/GitHub/space_robot/install'), ('ROS_DISTRO', 'foxy'), ('GTK_IM_MODULE', 'fcitx'), ('LOGNAME', 'landau'), ('JOURNAL_STREAM', '8:45232'), ('_', '/usr/bin/colcon'), ('ROS_VERSION', '2'), ('XDG_SESSION_CLASS', 'user'), ('USERNAME', 'landau'), ('TERM', 'xterm-256color'), ('GNOME_DESKTOP_SESSION_ID', 'this-is-deprecated'), ('ROS_LOCALHOST_ONLY', '0'), ('WINDOWPATH', '2'), ('PATH', '/opt/ros/foxy/bin:/usr/local/sbin:/usr/local/bin:/usr/sbin:/usr/bin:/sbin:/bin:/usr/games:/usr/local/games:/snap/bin'), ('SESSION_MANAGER', 'local/landau-Robotics:@/tmp/.ICE-unix/1662,unix/landau-Robotics:/tmp/.ICE-unix/1662'), ('INVOCATION_ID', '37d1ff0c35f24b3a9d3e695b1d07d8a5'), ('XDG_MENU_PREFIX', 'gnome-'), ('LC_ADDRESS', 'zh_CN.UTF-8'), ('XDG_RUNTIME_DIR', '/run/user/1000'), ('GDK_BACKEND', 'x11'), ('DISPLAY', ':1'), ('LANG', 'en_US.UTF-8'), ('XDG_CURRENT_DESKTOP', 'Unity'), ('LC_TELEPHONE', 'zh_CN.UTF-8'), ('XMODIFIERS', '@im=fcitx'), ('XDG_SESSION_DESKTOP', 'ubuntu'), ('XAUTHORITY', '/run/user/1000/gdm/Xauthority'), ('LS_COLORS', 'rs=0:di=01;34:ln=01;36:mh=00:pi=40;33:so=01;35:do=01;35:bd=40;33;01:cd=40;33;01:or=40;31;01:mi=00:su=37;41:sg=30;43:ca=30;41:tw=30;42:ow=34;42:st=37;44:ex=01;32:*.tar=01;31:*.tgz=01;31:*.arc=01;31:*.arj=01;31:*.taz=01;31:*.lha=01;31:*.lz4=01;31:*.lzh=01;31:*.lzma=01;31:*.tlz=01;31:*.txz=01;31:*.tzo=01;31:*.t7z=01;31:*.zip=01;31:*.z=01;31:*.dz=01;31:*.gz=01;31:*.lrz=01;31:*.lz=01;31:*.lzo=01;31:*.xz=01;31:*.zst=01;31:*.tzst=01;31:*.bz2=01;31:*.bz=01;31:*.tbz=01;31:*.tbz2=01;31:*.tz=01;31:*.deb=01;31:*.rpm=01;31:*.jar=01;31:*.war=01;31:*.ear=01;31:*.sar=01;31:*.rar=01;31:*.alz=01;31:*.ace=01;31:*.zoo=01;31:*.cpio=01;31:*.7z=01;31:*.rz=01;31:*.cab=01;31:*.wim=01;31:*.swm=01;31:*.dwm=01;31:*.esd=01;31:*.jpg=01;35:*.jpeg=01;35:*.mjpg=01;35:*.mjpeg=01;35:*.gif=01;35:*.bmp=01;35:*.pbm=01;35:*.pgm=01;35:*.ppm=01;35:*.tga=01;35:*.xbm=01;35:*.xpm=01;35:*.tif=01;35:*.tiff=01;35:*.png=01;35:*.svg=01;35:*.svgz=01;35:*.mng=01;35:*.pcx=01;35:*.mov=01;35:*.mpg=01;35:*.mpeg=01;35:*.m2v=01;35:*.mkv=01;35:*.webm=01;35:*.ogm=01;35:*.mp4=01;35:*.m4v=01;35:*.mp4v=01;35:*.vob=01;35:*.qt=01;35:*.nuv=01;35:*.wmv=01;35:*.asf=01;35:*.rm=01;35:*.rmvb=01;35:*.flc=01;35:*.avi=01;35:*.fli=01;35:*.flv=01;35:*.gl=01;35:*.dl=01;35:*.xcf=01;35:*.xwd=01;35:*.yuv=01;35:*.cgm=01;35:*.emf=01;35:*.ogv=01;35:*.ogx=01;35:*.aac=00;36:*.au=00;36:*.flac=00;36:*.m4a=00;36:*.mid=00;36:*.midi=00;36:*.mka=00;36:*.mp3=00;36:*.mpc=00;36:*.ogg=00;36:*.ra=00;36:*.wav=00;36:*.oga=00;36:*.opus=00;36:*.spx=00;36:*.xspf=00;36:'), ('VSCODE_GIT_IPC_HANDLE', '/run/user/1000/vscode-git-23256eee4b.sock'), ('TERM_PROGRAM', 'vscode'), ('SSH_AUTH_SOCK', '/run/user/1000/keyring/ssh'), ('ROS_DOMAIN_ID', '25'), ('AMENT_PREFIX_PATH', '/home/landau/Documents/GitHub/space_robot/install/space_driver:/home/landau/Documents/GitHub/space_robot/install/space_interfaces:/opt/ros/foxy'), ('ORIGINAL_XDG_CURRENT_DESKTOP', 'ubuntu:GNOME'), ('SHELL', '/bin/bash'), ('LC_NAME', 'zh_CN.UTF-8'), ('QT_ACCESSIBILITY', '1'), ('GDMSESSION', 'ubuntu'), ('LESSCLOSE', '/usr/bin/lesspipe %s %s'), ('LC_MEASUREMENT', 'zh_CN.UTF-8'), ('GPG_AGENT_INFO', '/run/user/1000/gnupg/S.gpg-agent:0:1'), ('GJS_DEBUG_OUTPUT', 'stderr'), ('LC_IDENTIFICATION', 'zh_CN.UTF-8'), ('VSCODE_GIT_ASKPASS_EXTRA_ARGS', ''), ('QT_IM_MODULE', 'fcitx'), ('PWD', '/home/landau/Documents/GitHub/space_robot/build/space_interfaces'), ('LC_ALL', 'en_US.UTF-8'), ('XDG_CONFIG_DIRS', '/etc/xdg/xdg-ubuntu:/etc/xdg'), ('CLUTTER_IM_MODULE', 'fcitx'), ('XDG_DATA_DIRS', '/usr/share/ubuntu:/usr/local/share/:/usr/share/:/var/lib/snapd/desktop'), ('PYTHONPATH', '/home/landau/Documents/GitHub/space_robot/install/space_interfaces/lib/python3.8/site-packages:/opt/ros/foxy/lib/python3.8/site-packages'), ('LC_NUMERIC', 'zh_CN.UTF-8'), ('LC_PAPER', 'zh_CN.UTF-8'), ('COLCON', '1'), ('CMAKE_PREFIX_PATH', '/home/landau/Documents/GitHub/space_robot/install/space_driver:/home/landau/Documents/GitHub/space_robot/install/space_interfaces:/opt/ros/foxy')]), 'shell': False}
[0.099552] (-) TimerEvent: {}
[0.200059] (-) TimerEvent: {}
[0.234903] (space_interfaces) StdoutLine: {'line': b'[  0%] Built target space_interfaces__cpp\n'}
[0.250130] (space_interfaces) StdoutLine: {'line': b'[ 12%] Built target space_interfaces__rosidl_generator_c\n'}
[0.300505] (-) TimerEvent: {}
[0.368864] (space_interfaces) StdoutLine: {'line': b'[ 24%] Built target space_interfaces__rosidl_typesupport_cpp\n'}
[0.377579] (space_interfaces) StdoutLine: {'line': b'[ 36%] Built target space_interfaces__rosidl_typesupport_introspection_cpp\n'}
[0.391357] (space_interfaces) StdoutLine: {'line': b'[ 58%] Built target space_interfaces__rosidl_typesupport_introspection_c\n'}
[0.391863] (space_interfaces) StdoutLine: {'line': b'[ 60%] Built target space_interfaces__rosidl_typesupport_c\n'}
[0.400336] (-) TimerEvent: {}
[0.414259] (space_interfaces) StdoutLine: {'line': b'[ 71%] Built target space_interfaces__rosidl_typesupport_fastrtps_cpp\n'}
[0.500512] (-) TimerEvent: {}
[0.534479] (space_interfaces) StdoutLine: {'line': b'[ 83%] Built target space_interfaces__rosidl_typesupport_fastrtps_c\n'}
[0.600658] (-) TimerEvent: {}
[0.617111] (space_interfaces) StdoutLine: {'line': b'[ 83%] Built target space_interfaces\n'}
[0.700813] (-) TimerEvent: {}
[0.705634] (space_interfaces) StdoutLine: {'line': b'[ 84%] Built target space_interfaces__py\n'}
[0.800965] (-) TimerEvent: {}
[0.825878] (space_interfaces) StdoutLine: {'line': b'[ 95%] Built target space_interfaces__python\n'}
[0.901216] (-) TimerEvent: {}
[0.948263] (space_interfaces) StdoutLine: {'line': b'[ 96%] Built target space_interfaces__rosidl_typesupport_c__pyext\n'}
[0.952159] (space_interfaces) StdoutLine: {'line': b'[ 98%] Built target space_interfaces__rosidl_typesupport_fastrtps_c__pyext\n'}
[0.968869] (space_interfaces) StdoutLine: {'line': b'[100%] Built target space_interfaces__rosidl_typesupport_introspection_c__pyext\n'}
[1.001425] (-) TimerEvent: {}
[1.012693] (space_interfaces) CommandEnded: {'returncode': 0}
[1.101747] (-) TimerEvent: {}
[1.203084] (-) TimerEvent: {}
[1.304799] (-) TimerEvent: {}
[1.405801] (-) TimerEvent: {}
[1.506425] (-) TimerEvent: {}
[1.606996] (-) TimerEvent: {}
[1.707796] (-) TimerEvent: {}
[1.725824] (space_interfaces) StderrLine: {'line': b'Traceback (most recent call last):\n  File "/usr/lib/python3/dist-packages/colcon_parallel_executor/executor/parallel.py", line 75, in execute\n    loop.run_until_complete(future)\n  File "/usr/lib/python3.8/asyncio/base_events.py", line 603, in run_until_complete\n    self.run_forever()\n  File "/usr/lib/python3.8/asyncio/base_events.py", line 570, in run_forever\n    self._run_once()\n  File "/usr/lib/python3.8/asyncio/base_events.py", line 1823, in _run_once\n    event_list = self._selector.select(timeout)\n  File "/usr/lib/python3.8/selectors.py", line 468, in select\n    fd_event_list = self._selector.poll(timeout, max_ev)\nKeyboardInterrupt\n\nDuring handling of the above exception, another exception occurred:\n\nTraceback (most recent call last):\n  File "/usr/lib/python3/dist-packages/colcon_core/executor/__init__.py", line 91, in __call__\n    rc = await self.task(*args, **kwargs)\n  File "/usr/lib/python3/dist-packages/colcon_core/task/__init__.py", line 93, in __call__\n    return await task_method(*args, **kwargs)\n  File "/usr/lib/python3/dist-packages/colcon_ros/task/ament_cmake/build.py", line 59, in build\n    rc = await extension.build(\n  File "/usr/lib/python3/dist-packages/colcon_cmake/task/cmake/build.py", line 110, in build\n    if await has_target(args.build_base, \'install\'):\n  File "/usr/lib/python3/dist-packages/colcon_cmake/task/cmake/__init__.py", line 57, in has_target\n    return target in await get_makefile_targets(path)\n  File "/usr/lib/python3/dist-packages/colcon_cmake/task/cmake/__init__.py", line 77, in get_makefile_targets\n    output = await check_output([\n  File "/usr/lib/python3/dist-packages/colcon_core/subprocess.py", line 129, in check_output\n    assert not rc, f\'Expected {args} to pass: {stderr_data}\'\nAssertionError: Expected [\'/usr/bin/cmake\', \'--build\', \'/home/landau/Documents/GitHub/space_robot/build/space_interfaces\', \'--target\', \'help\'] to pass: make: *** wait: No child processes.  Stop.\nmake: *** Waiting for unfinished jobs....\nmake: *** wait: No child processes.  Stop.\n\n'}
[1.727640] (space_interfaces) JobEnded: {'identifier': 'space_interfaces', 'rc': 'SIGINT'}
[1.737913] (space_driver) JobSkipped: {'identifier': 'space_driver'}
[1.738171] (-) EventReactorShutdown: {}
