[ 20%] Built target gflags_nothreads_static
[35m[1mScanning dependencies of target demo[0m
[ 30%] Built target gflags_unittest-main
[ 40%] Built target gflags_unittest_main
[ 55%] Built target gflags_declare_test
[ 65%] Built target gflags_unittest
[ 75%] Built target gflags_strip_flags_test
[ 90%] Built target main
[ 95%] [32mBuilding CXX object CMakeFiles/demo.dir/src/demo.cpp.o[0m
[01m[K/home/landau/Documents/GitHub/space_robot/src/space_driver/src/demo.cpp:[m[K In function â€˜[01m[Kint main(int, char**)[m[Kâ€™:
[01m[K/home/landau/Documents/GitHub/space_robot/src/space_driver/src/demo.cpp:92:5:[m[K [01;31m[Kerror: [m[Kâ€˜[01m[Kkinematics_[m[Kâ€™ was not declared in this scope
   92 |     [01;31m[Kkinematics_[m[K.CartToJnt(q_init,pose,q_target);
      |     [01;31m[K^~~~~~~~~~~[m[K
make[2]: *** [CMakeFiles/demo.dir/build.make:63: CMakeFiles/demo.dir/src/demo.cpp.o] Error 1
make[1]: *** [CMakeFiles/Makefile2:156: CMakeFiles/demo.dir/all] Error 2
make: *** [Makefile:141: all] Error 2
