[ 20%] Built target gflags_nothreads_static
[35m[1mScanning dependencies of target demo[0m
[ 30%] Built target gflags_unittest
[ 40%] Built target gflags_unittest_main
[ 50%] Built target gflags_unittest-main
[ 65%] Built target gflags_declare_test
[ 75%] Built target gflags_strip_flags_test
[ 90%] Built target main
[ 95%] [32mBuilding CXX object CMakeFiles/demo.dir/src/demo.cpp.o[0m
make[2]: *** wait: No child processes.  Stop.
make[2]: *** Waiting for unfinished jobs....
make[2]: *** wait: No child processes.  Stop.
make[1]: *** [CMakeFiles/Makefile2:156: CMakeFiles/demo.dir/all] Error 2
make: *** [Makefile:141: all] Interrupt
