[0.046s] Invoking command in '/home/landau/Documents/GitHub/space_robot/build/space_driver': CMAKE_PREFIX_PATH=/home/landau/Documents/GitHub/space_robot/install/space_interfaces:/home/landau/Documents/GitHub/space_robot/install/space_driver:/opt/ros/foxy /usr/bin/cmake --build /home/landau/Documents/GitHub/space_robot/build/space_driver -- -j8 -l8
[0.223s] [ 20%] Built target gflags_nothreads_static
[0.288s] [35m[1mScanning dependencies of target demo[0m
[0.314s] [ 30%] Built target gflags_unittest
[0.324s] [ 40%] Built target gflags_unittest_main
[0.326s] [ 50%] Built target gflags_unittest-main
[0.360s] [ 65%] Built target gflags_declare_test
[0.365s] [ 75%] Built target gflags_strip_flags_test
[0.410s] [ 90%] Built target main
[0.458s] [ 95%] [32mBuilding CXX object CMakeFiles/demo.dir/src/demo.cpp.o[0m
[14.628s] make[2]: *** wait: No child processes.  Stop.
[14.628s] make[2]: *** Waiting for unfinished jobs....
[14.629s] make[2]: *** wait: No child processes.  Stop.
[14.630s] make[1]: *** [CMakeFiles/Makefile2:156: CMakeFiles/demo.dir/all] Error 2
[14.631s] make: *** [Makefile:141: all] Interrupt
[14.803s] Invoked command in '/home/landau/Documents/GitHub/space_robot/build/space_driver' returned '-2': CMAKE_PREFIX_PATH=/home/landau/Documents/GitHub/space_robot/install/space_interfaces:/home/landau/Documents/GitHub/space_robot/install/space_driver:/opt/ros/foxy /usr/bin/cmake --build /home/landau/Documents/GitHub/space_robot/build/space_driver -- -j8 -l8
